"../../../Engine/Content/Functions/Engine_MaterialFunctions01/Opacity/CameraDepthFade.uasset" 0
"../../../Engine/Content/EngineMaterials/T_Default_Material_Grid_M.uasset" 1
"../../../Engine/Content/EngineMaterials/T_Default_Material_Grid_N.uasset" 2
"../../../Engine/Content/EngineMaterials/WorldGridMaterial.uasset" 3
"../../../Engine/Content/ArtTools/RenderToTexture/Meshes/S_1_Unit_Plane.uasset" 4
"../../../Engine/Content/EngineMaterials/DefaultMaterial.uasset" 5
"../../../Engine/Content/BasicShapes/Cone.uasset" 6
"../../../Engine/Content/BasicShapes/Cylinder.uasset" 7
"../../../Engine/Content/BasicShapes/Plane.uasset" 8
"../../../Engine/Content/BasicShapes/Sphere.uasset" 9
"../../../Engine/Content/EngineMaterials/DefaultPhysicalMaterial.uasset" 10
"../../../Engine/Content/BufferVisualization/AmbientOcclusion.uasset" 11
"../../../Engine/Content/BufferVisualization/BaseColor.uasset" 12
"../../../Engine/Content/BufferVisualization/CustomDepth.uasset" 13
"../../../Engine/Content/Functions/Engine_MaterialFunctions02/Utility/VectorLength.uasset" 14
"../../../Engine/Content/BufferVisualization/CustomDepthWorldUnits.uasset" 15
"../../../Engine/Content/Functions/Engine_MaterialFunctions02/Utility/BreakOutFloat2Components.uasset" 16
"../../../Engine/Content/Functions/Engine_MaterialFunctions01/Texturing/ScaleUVsByCenter.uasset" 17
"../../../Engine/Content/Functions/Engine_MaterialFunctions02/ScreenResolution.uasset" 18
"../../../Engine/Content/Functions/Engine_MaterialFunctions02/Texturing/ScreenAlignedUVs.uasset" 19
"../../../Engine/Content/Functions/Engine_MaterialFunctions02/Utility/MakeFloat2.uasset" 20
"../../../Engine/Content/Functions/Engine_MaterialFunctions02/Utility/MakeFloat3.uasset" 21
"../../../Engine/Content/EngineMaterials/MiniFont.uasset" 22
"../../../Engine/Content/BufferVisualization/CustomStencil.uasset" 23
"../../../Engine/Content/BufferVisualization/FinalImage.uasset" 24
"../../../Engine/Content/BufferVisualization/LightingModel.uasset" 25
"../../../Engine/Content/BufferVisualization/MaterialAO.uasset" 26
"../../../Engine/Content/BufferVisualization/Metallic.uasset" 27
"../../../Engine/Content/BufferVisualization/Opacity.uasset" 28
"../../../Engine/Content/BufferVisualization/PostTonemapHDRColor.uasset" 29
"../../../Engine/Content/BufferVisualization/PreTonemapHDRColor.uasset" 30
"../../../Engine/Content/BufferVisualization/Roughness.uasset" 31
"../../../Engine/Content/BufferVisualization/SceneColor.uasset" 32
"../../../Engine/Content/BufferVisualization/SceneDepth.uasset" 33
"../../../Engine/Content/BufferVisualization/SceneDepthWorldUnits.uasset" 34
"../../../Engine/Content/BufferVisualization/SeparateTranslucencyA.uasset" 35
"../../../Engine/Content/BufferVisualization/SeparateTranslucencyRGB.uasset" 36
"../../../Engine/Content/BufferVisualization/Specular.uasset" 37
"../../../Engine/Content/BufferVisualization/SubsurfaceColor.uasset" 38
"../../../Engine/Content/BufferVisualization/WorldNormal.uasset" 39
"../../../Engine/Content/EditorBlueprintResources/ActorMacros.uasset" 40
"../../../Engine/Content/EditorLandscapeResources/DataLayer.uasset" 41
"../../../Engine/Content/EditorLandscapeResources/DefaultAlphaTexture.uasset" 42
"../../../Engine/Content/EditorLandscapeResources/LandscapeGizmoHeight_Mat.uasset" 43
"../../../Engine/Content/EditorLandscapeResources/LandscapeGizmo_Mat.uasset" 44
"../../../Engine/Content/EditorLandscapeResources/LandscapeGizmo_Mat_Copied.uasset" 45
"../../../Engine/Content/EditorLandscapeResources/SplineEditorMeshMat.uasset" 46
"../../../Engine/Content/EditorLandscapeResources/SplineEditorMesh.uasset" 47
"../../../Engine/Content/EditorMaterials/Cross.uasset" 48
"../../../Engine/Content/EditorMaterials/Cross_Mat.uasset" 49
"../../../Engine/Content/EditorMaterials/GizmoMaterial.uasset" 50
"../../../Engine/Content/Functions/Engine_MaterialFunctions02/Utility/Sign.uasset" 51
"../../../Engine/Content/Functions/Engine_MaterialFunctions02/Utility/Round.uasset" 52
"../../../Engine/Content/Functions/Engine_MaterialFunctions02/ExampleContent/Textures/flipbook.uasset" 53
"../../../Engine/Content/Functions/Engine_MaterialFunctions02/Texturing/FlipBook.uasset" 54
"../../../Engine/Content/EditorResources/T_EditorHelp.uasset" 55
"../../../Engine/Content/EditorMaterials/HelpActorMaterial.uasset" 56
"../../../Engine/Content/EditorMaterials/CompositeARGBLayer.uasset" 57
"../../../Engine/Content/EditorMaterials/TilingAALineIntegral.uasset" 58
"../../../Engine/Content/EditorMaterials/TilingAALineBoxFiltered.uasset" 59
"../../../Engine/Content/Functions/Engine_MaterialFunctions03/Procedurals/ComputeFilterWidth.uasset" 60
"../../../Engine/Content/EditorMaterials/TilingAADots.uasset" 61
"../../../Engine/Content/EditorMaterials/Cascade/CASC_Cross.uasset" 62
"../../../Engine/Content/EditorMaterials/Cascade/CASC_None.uasset" 63
"../../../Engine/Content/Functions/Engine_MaterialFunctions03/Blends/Blend_Screen.uasset" 64
"../../../Engine/Content/EditorMaterials/TilingAAGrid.uasset" 65
"../../../Engine/Content/EditorMaterials/LevelGridMaterial.uasset" 66
"../../../Engine/Content/EditorMaterials/MakeCompositeARGBLayer.uasset" 67
"../../../Engine/Content/EditorResources/LevelGrid1DStripes.uasset" 68
"../../../Engine/Content/EditorMaterials/TextureGridCascaded1D.uasset" 69
"../../../Engine/Content/EditorMaterials/TextureGridCascaded2D.uasset" 70
"../../../Engine/Content/EditorMaterials/LevelGridMaterial2.uasset" 71
"../../../Engine/Content/EditorMaterials/MAT_Groups_Toggle.uasset" 72
"../../../Engine/Content/EditorMaterials/MAT_Groups_Visibility.uasset" 73
"../../../Engine/Content/EditorMaterials/AntialiasedGridFloor.uasset" 74
"../../../Engine/Content/EditorResources/TilePatine_D.uasset" 75
"../../../Engine/Content/EditorResources/TilePatine_N.uasset" 76
"../../../Engine/Content/EngineMaterials/Grid.uasset" 77
"../../../Engine/Content/EditorMaterials/PersonaFloorMat.uasset" 78
"../../../Engine/Content/EditorMaterials/PhAT_BoneSelectedMaterial.uasset" 79
"../../../Engine/Content/EditorMaterials/PhAT_ElemSelectedMaterial.uasset" 80
"../../../Engine/Content/EditorMaterials/PhAT_NoCollisionMaterial.uasset" 81
"../../../Engine/Content/EditorMaterials/PhAT_UnselectedMaterial.uasset" 82
"../../../Engine/Content/EditorMaterials/PreviewShadowIndicator.uasset" 83
"../../../Engine/Content/EditorMaterials/PreviewShadowIndicatorMaterial.uasset" 84
"../../../Engine/Content/EditorMaterials/TargetIcon.uasset" 85
"../../../Engine/Content/EditorMaterials/Tick.uasset" 86
"../../../Engine/Content/EditorMaterials/Tick_Mat.uasset" 87
"../../../Engine/Content/EditorMaterials/WidgetGridVertexColorMaterial.uasset" 88
"../../../Engine/Content/EditorMaterials/WidgetGridVertexColorMaterial_Ma.uasset" 89
"../../../Engine/Content/EditorMaterials/WidgetMaterial.uasset" 90
"../../../Engine/Content/EditorMaterials/WidgetMaterial_Current.uasset" 91
"../../../Engine/Content/EditorMaterials/WidgetMaterial_X.uasset" 92
"../../../Engine/Content/EditorMaterials/WidgetMaterial_Y.uasset" 93
"../../../Engine/Content/EditorMaterials/WidgetMaterial_Z.uasset" 94
"../../../Engine/Content/EditorMaterials/WidgetVertexColorMaterial.uasset" 95
"../../../Engine/Content/EditorMaterials/AssetViewer/EpicQuadPanorama_CC+EV1.uasset" 96
"../../../Engine/Content/EditorMaterials/MatineeGroups/MAT_ColorTrack.uasset" 97
"../../../Engine/Content/EditorMaterials/MatineeGroups/MAT_Groups_Anim.uasset" 98
"../../../Engine/Content/EditorMaterials/MatineeGroups/MAT_Groups_AudioMaster.uasset" 99
"../../../Engine/Content/EditorMaterials/MatineeGroups/MAT_Groups_Director.uasset" 100
"../../../Engine/Content/EditorMaterials/MatineeGroups/MAT_Groups_Event.uasset" 101
"../../../Engine/Content/EditorMaterials/MatineeGroups/MAT_Groups_Fade.uasset" 102
"../../../Engine/Content/EditorMaterials/MatineeGroups/MAT_Groups_Float.uasset" 103
"../../../Engine/Content/EditorMaterials/MatineeGroups/MAT_Groups_Move.uasset" 104
"../../../Engine/Content/EditorMaterials/MatineeGroups/MAT_Groups_Slomo.uasset" 105
"../../../Engine/Content/EditorMaterials/MatineeGroups/MAT_Groups_Sound.uasset" 106
"../../../Engine/Content/EditorMaterials/MatineeGroups/MAT_Groups_Vector.uasset" 107
"../../../Engine/Content/EditorMaterials/ParticleSystems/PSysThumbnail_NoImage.uasset" 108
"../../../Engine/Content/EditorMaterials/ParticleSystems/PSysThumbnail_OOD.uasset" 109
"../../../Engine/Content/EditorMaterials/Thumbnails/FloorPlaneMaterial.uasset" 110
"../../../Engine/Content/EditorMeshes/EditorCylinder.uasset" 111
"../../../Engine/Content/EditorMeshes/EditorPlane.uasset" 112
"../../../Engine/Content/EditorMaterials/Thumbnails/SkySphereMaterial.uasset" 113
"../../../Engine/Content/EditorMeshes/EditorSkySphere.uasset" 114
"../../../Engine/Content/EditorMeshes/EditorSphere.uasset" 115
"../../../Engine/Content/EditorResources/MatineeCam_D.uasset" 116
"../../../Engine/Content/EditorMaterials/MatineeCam_mat.uasset" 117
"../../../Engine/Content/EditorMeshes/MatineeCam_SM.uasset" 118
"../../../Engine/Content/Functions/Engine_MaterialFunctions01/Shading/ConvertFromDiffSpec.uasset" 119
"../../../Engine/Content/EditorMaterials/GridMaterial.uasset" 120
"../../../Engine/Content/EditorMeshes/PhAT_FloorBox.uasset" 121
"../../../Engine/Content/EditorMaterials/Camera/CineMat.uasset" 122
"../../../Engine/Content/EditorMaterials/Camera/MI_CineMat_CameraBody.uasset" 123
"../../../Engine/Content/EngineDebugMaterials/M_SimpleOpaque.uasset" 124
"../../../Engine/Content/EditorMaterials/Camera/MI_CineMat_CamViewFinder.uasset" 125
"../../../Engine/Content/EditorMeshes/Camera/SM_CineCam.uasset" 126
"../../../Engine/Content/EditorMaterials/Camera/MI_CineMat_Rig.uasset" 127
"../../../Engine/Content/EditorMeshes/Camera/SM_CraneRig_Arm.uasset" 128
"../../../Engine/Content/EditorMeshes/Camera/SM_CraneRig_Base.uasset" 129
"../../../Engine/Content/EditorMeshes/Camera/SM_CraneRig_Body.uasset" 130
"../../../Engine/Content/EditorMeshes/Camera/SM_CraneRig_Mount.uasset" 131
"../../../Engine/Content/EditorMeshes/Camera/SM_RailRig_Mount.uasset" 132
"../../../Engine/Content/EditorMeshes/Camera/SM_RailRig_Track.uasset" 133
"../../../Engine/Content/EditorMeshes/ColorCalibrator/M_ChromeBall.uasset" 134
"../../../Engine/Content/EditorMeshes/ColorCalibrator/M_ClearCoat.uasset" 135
"../../../Engine/Content/EditorMeshes/ColorCalibrator/M_ClearCoatBlack.uasset" 136
"../../../Engine/Content/EditorMeshes/ColorCalibrator/T_ColorGrid.uasset" 137
"../../../Engine/Content/EditorMeshes/ColorCalibrator/M_ColorGrid.uasset" 138
"../../../Engine/Content/EditorMeshes/ColorCalibrator/M_GreyBall.uasset" 139
"../../../Engine/Content/EditorMeshes/ColorCalibrator/SM_ColorCalibrator.uasset" 140
"../../../Engine/Content/EditorResources/Bad.uasset" 141
"../../../Engine/Content/EditorResources/BSPVertex.uasset" 142
"../../../Engine/Content/EditorResources/MatInstActSprite.uasset" 143
"../../../Engine/Content/EditorResources/SceneManager.uasset" 144
"../../../Engine/Content/EditorResources/SmallFont.uasset" 145
"../../../Engine/Content/EditorResources/S_Actor.uasset" 146
"../../../Engine/Content/EditorResources/S_DecalActorIcon.uasset" 147
"../../../Engine/Content/EditorResources/S_Emitter.uasset" 148
"../../../Engine/Content/EditorResources/S_ExpoHeightFog.uasset" 149
"../../../Engine/Content/EditorResources/S_FTest.uasset" 150
"../../../Engine/Content/EditorResources/S_KBSJoint.uasset" 151
"../../../Engine/Content/EditorResources/S_KHinge.uasset" 152
"../../../Engine/Content/EditorResources/S_KPrismatic.uasset" 153
"../../../Engine/Content/EditorResources/S_LevelSequence.uasset" 154
"../../../Engine/Content/EditorResources/S_NavP.uasset" 155
"../../../Engine/Content/EditorResources/S_Note.uasset" 156
"../../../Engine/Content/EditorResources/S_Player.uasset" 157
"../../../Engine/Content/EditorResources/S_PortalActorIcon2.uasset" 158
"../../../Engine/Content/EditorResources/S_RadForce.uasset" 159
"../../../Engine/Content/EditorResources/S_ReflActorIcon.uasset" 160
"../../../Engine/Content/EditorResources/S_Terrain.uasset" 161
"../../../Engine/Content/EditorResources/S_TextRenderActorIcon.uasset" 162
"../../../Engine/Content/EditorResources/S_Thruster.uasset" 163
"../../../Engine/Content/EditorResources/S_Trigger.uasset" 164
"../../../Engine/Content/EditorResources/S_VectorFieldVol.uasset" 165
"../../../Engine/Content/EditorResources/S_WindDirectional.uasset" 166
"../../../Engine/Content/EditorResources/AI/S_NavLink.uasset" 167
"../../../Engine/Content/EditorResources/LightIcons/SkyLight.uasset" 168
"../../../Engine/Content/EditorResources/LightIcons/S_LightDirectional.uasset" 169
"../../../Engine/Content/EditorResources/LightIcons/S_LightDirectionalMove.uasset" 170
"../../../Engine/Content/EditorResources/LightIcons/S_LightError.uasset" 171
"../../../Engine/Content/EditorResources/LightIcons/S_LightPoint.uasset" 172
"../../../Engine/Content/EditorResources/LightIcons/S_LightPointMove.uasset" 173
"../../../Engine/Content/EditorResources/LightIcons/S_LightSpot.uasset" 174
"../../../Engine/Content/EditorResources/LightIcons/S_LightSpotMove.uasset" 175
"../../../Engine/Content/EditorResources/SequenceRecorder/Countdown.uasset" 176
"../../../Engine/Content/EditorResources/SequenceRecorder/RecordingIndicator.uasset" 177
"../../../Engine/Content/EditorResources/Spline/T_Loft_Spline.uasset" 178
"../../../Engine/Content/EditorSounds/Notifications/CompileFailed.uasset" 179
"../../../Engine/Content/EditorSounds/Notifications/CompileFailed_Cue.uasset" 180
"../../../Engine/Content/EditorSounds/Notifications/CompileSuccess.uasset" 181
"../../../Engine/Content/EditorSounds/Notifications/CompileStart_Cue.uasset" 182
"../../../Engine/Content/EditorSounds/Notifications/CompileSuccess_Cue.uasset" 183
"../../../Engine/Content/EngineDamageTypes/DmgTypeBP_Environmental.uasset" 184
"../../../Engine/Content/EngineDebugMaterials/HeatmapGradient.uasset" 185
"../../../Engine/Content/EngineDebugMaterials/BoneWeightMaterial.uasset" 186
"../../../Engine/Content/EngineDebugMaterials/ClothMaterial.uasset" 187
"../../../Engine/Content/EngineDebugMaterials/DebugMeshMaterial.uasset" 188
"../../../Engine/Content/EngineDebugMaterials/GeomMaterial.uasset" 189
"../../../Engine/Content/EngineDebugMaterials/LevelColorationLitMaterial.uasset" 190
"../../../Engine/Content/EngineDebugMaterials/LevelColorationUnlitMaterial.uasset" 191
"../../../Engine/Content/EngineMaterials/DefaultWhiteGrid.uasset" 192
"../../../Engine/Content/EngineDebugMaterials/MAT_LevelColorationLitLightmapUV.uasset" 193
"../../../Engine/Content/EngineDebugMaterials/M_SimpleTranslucent.uasset" 194
"../../../Engine/Content/EngineDebugMaterials/ShadedLevelColorationLitMaterial.uasset" 195
"../../../Engine/Content/EngineDebugMaterials/ShadedLevelColorationUnlitMateri.uasset" 196
"../../../Engine/Content/EngineDebugMaterials/VertexColorMaterial.uasset" 197
"../../../Engine/Content/EngineDebugMaterials/VertexColorViewMode_AlphaAsColor.uasset" 198
"../../../Engine/Content/EngineDebugMaterials/VertexColorViewMode_BlueOnly.uasset" 199
"../../../Engine/Content/EngineDebugMaterials/VertexColorViewMode_ColorOnly.uasset" 200
"../../../Engine/Content/EngineDebugMaterials/VertexColorViewMode_GreenOnly.uasset" 201
"../../../Engine/Content/EngineDebugMaterials/VertexColorViewMode_RedOnly.uasset" 202
"../../../Engine/Content/EngineDebugMaterials/WireframeMaterial.uasset" 203
"../../../Engine/Content/EngineFonts/Faces/RobotoBold.uasset" 204
"../../../Engine/Content/EngineFonts/Faces/RobotoBoldItalic.uasset" 205
"../../../Engine/Content/EngineFonts/Faces/RobotoItalic.uasset" 206
"../../../Engine/Content/EngineFonts/Faces/RobotoLight.uasset" 207
"../../../Engine/Content/EngineFonts/Faces/RobotoRegular.uasset" 208
"../../../Engine/Content/EngineFonts/Roboto.uasset" 209
"../../../Engine/Content/EngineFonts/Faces/RobotoTiny.uasset" 210
"../../../Engine/Content/EngineFonts/RobotoTiny.uasset" 211
"../../../Engine/Content/EngineFonts/SmallFont.uasset" 212
"../../../Engine/Content/EngineFonts/TinyFont.uasset" 213
"../../../Engine/Content/EngineResources/WhiteSquareTexture.uasset" 214
"../../../Engine/Content/EngineMaterials/BlinkingCaret.uasset" 215
"../../../Engine/Content/EngineMaterials/DefaultBloomKernel.uasset" 216
"../../../Engine/Content/EngineMaterials/DefaultBokeh.uasset" 217
"../../../Engine/Content/EngineMaterials/DefaultDiffuse.uasset" 218
"../../../Engine/Content/EngineMaterials/DefaultDeferredDecalMaterial.uasset" 219
"../../../Engine/Content/EngineMaterials/DefaultLightFunctionMaterial.uasset" 220
"../../../Engine/Content/EngineMaterials/DefaultNormal.uasset" 221
"../../../Engine/Content/EngineMaterials/DefaultPostProcessMaterial.uasset" 222
"../../../Engine/Content/EngineFonts/RobotoDistanceField.uasset" 223
"../../../Engine/Content/EngineMaterials/DefaultTextMaterialOpaque.uasset" 224
"../../../Engine/Content/EngineMaterials/EditorBrushMaterial.uasset" 225
"../../../Engine/Content/EngineMaterials/Good64x64TilingNoiseHighFreq.uasset" 226
"../../../Engine/Content/EngineMaterials/Grid_N.uasset" 227
"../../../Engine/Content/EngineMaterials/HighResolutionScreenshotMaskFunction.uasset" 228
"../../../Engine/Content/EngineMaterials/HighResScreenshot.uasset" 229
"../../../Engine/Content/EngineMaterials/HighResScreenshotCaptureRegion.uasset" 230
"../../../Engine/Content/EngineMaterials/HighResScreenshotMask.uasset" 231
"../../../Engine/Content/EngineMaterials/LandscapeHolePhysicalMaterial.uasset" 232
"../../../Engine/Content/EngineMaterials/InvalidLightmapSettings.uasset" 233
"../../../Engine/Content/EngineMaterials/M_InvalidLightmapSettings.uasset" 234
"../../../Engine/Content/EngineMaterials/PaperDiffuse.uasset" 235
"../../../Engine/Content/EngineMaterials/PaperNormal.uasset" 236
"../../../Engine/Content/EngineMaterials/PhAT_JointLimitMaterial.uasset" 237
"../../../Engine/Content/EngineMaterials/PhysMat_Rubber.uasset" 238
"../../../Engine/Content/EngineMaterials/PreintegratedSkinBRDF.uasset" 239
"../../../Engine/Content/EngineMaterials/RemoveSurfaceMaterial.uasset" 240
"../../../Engine/Content/EngineMaterials/WeightMapPlaceholderTexture.uasset" 241
"../../../Engine/Content/EngineMaterials/Widget3DPassThrough.uasset" 242
"../../../Engine/Content/EngineMaterials/Widget3DPassThrough_Masked.uasset" 243
"../../../Engine/Content/EngineMaterials/Widget3DPassThrough_Opaque.uasset" 244
"../../../Engine/Content/EngineMaterials/Widget3DPassThrough_Masked_OneSided.uasset" 245
"../../../Engine/Content/EngineMaterials/Widget3DPassThrough_Opaque_OneSided.uasset" 246
"../../../Engine/Content/EngineMaterials/Widget3DPassThrough_Translucent.uasset" 247
"../../../Engine/Content/EngineMaterials/Widget3DPassThrough_Translucent_OneSided.uasset" 248
"../../../Engine/Content/EngineMeshes/Cube.uasset" 249
"../../../Engine/Content/EngineMeshes/Cylinder.uasset" 250
"../../../Engine/Content/EngineMeshes/Sphere.uasset" 251
"../../../Engine/Content/EngineResources/Black.uasset" 252
"../../../Engine/Content/EngineResources/DefaultTexture.uasset" 253
"../../../Engine/Content/EngineResources/DefaultTextureCube.uasset" 254
"../../../Engine/Content/EngineResources/GradientTexture0.uasset" 255
"../../../Engine/Content/EngineResources/StreamingPauseIcon.uasset" 256
"../../../Engine/Content/EngineResources/M_StreamingPause.uasset" 257
"../../../Engine/Content/EngineSounds/Master.uasset" 258
"../../../Engine/Content/Functions/Engine_MaterialFunctions01/Shading/PowerToRoughness.uasset" 259
"../../../Engine/Content/Maps/Templates/Thumbnails/Default.uasset" 260
"../../../Engine/Content/Maps/Templates/Thumbnails/VR-Basic.uasset" 261
"../../../Engine/Content/MapTemplates/Sky/DaylightAmbientCubemap.uasset" 262
"../../../Engine/Content/MobileResources/T_MobileControls_texture.uasset" 263
"../../../Engine/Content/MobileResources/T_MobileMenu2.uasset" 264
"../../../Engine/Content/MobileResources/HUD/AnalogHat.uasset" 265
"../../../Engine/Content/MobileResources/HUD/VirtualJoystick_Background.uasset" 266
"../../../Engine/Content/MobileResources/HUD/VirtualJoystick_Thumb.uasset" 267
"../../../Engine/Content/MobileResources/HUD/DefaultVirtualJoysticks.uasset" 268
"../../../Engine/Content/MobileResources/HUD/LeftVirtualJoystickOnly.uasset" 269
"../../../Engine/Content/MobileResources/HUD/MobileHUDButton1_off.uasset" 270
"../../../Engine/Content/MobileResources/HUD/MobileHUDButton1_on.uasset" 271
"../../../Engine/Content/MobileResources/HUD/MobileHUDButton2_off.uasset" 272
"../../../Engine/Content/MobileResources/HUD/MobileHUDButton2_on.uasset" 273
"../../../Engine/Content/MobileResources/HUD/MobileHUDButton3.uasset" 274
"../../../Engine/Content/MobileResources/HUD/MobileHUDButtonFire.uasset" 275
"../../../Engine/Content/MobileResources/HUD/MobileHUDDirectionPad.uasset" 276
"../../../Engine/Content/MobileResources/HUD/MobileHUDDirectionPad2.uasset" 277
"../../../Engine/Content/MobileResources/HUD/MobileHUDDirectionPad3.uasset" 278
"../../../Engine/Content/MobileResources/HUD/MobileHUDDirectionStick.uasset" 279
"../../../Engine/Content/MobileResources/HUD/T_Castle_ThumbstickInner.uasset" 280
"../../../Engine/Content/MobileResources/HUD/T_Castle_ThumbstickOutter.uasset" 281
"../../../Engine/Content/Tutorial/ContentIntroCurve.uasset" 282
"../../../Engine/Content/Tutorial/Basics/TutorialAssets/icon_tab_Levels_40x.uasset" 283
"../../../Engine/Content/Tutorial/BlueprintTutorials/TutorialAssets/BlueprintInterface_64x.uasset" 284
"../../../Engine/Content/Tutorial/BlueprintTutorials/TutorialAssets/BlueprintMacroLibrary_64x.uasset" 285
"../../../Engine/Content/Tutorial/BlueprintTutorials/TutorialAssets/Blueprint_64x.uasset" 286
"../../../Engine/Content/Tutorial/BlueprintTutorials/TutorialAssets/Tutorial_BP_Interface.uasset" 287
"../../../Engine/Content/Tutorial/Foliage/TutorialAssets/Foliage.uasset" 288
"../../../Engine/Content/Tutorial/Landscape/TutorialAssets/Landscape.uasset" 289
"../../../Engine/Content/Tutorial/Paper2D/TutorialAssets/Paper2DFlipbook_TutorialIcon.uasset" 290
"../../../Engine/Content/Tutorial/Paper2D/TutorialAssets/Paper2DSprite_TutorialIcon.uasset" 291
"../../../Engine/Content/Tutorial/SubEditors/TutorialAssets/icon_Editor_Preferences_General_40x.uasset" 292
"../../../Engine/Content/Tutorial/SubEditors/TutorialAssets/icon_ShowSkeletalMeshes_40x.uasset" 293
"../../../Engine/Content/Tutorial/SubEditors/TutorialAssets/TutorialMaterial.uasset" 294
"../../../Engine/Content/Tutorial/SubEditors/TutorialAssets/T_SmokeSubUV_8X8.uasset" 295
"../../../Engine/Content/Tutorial/SubEditors/TutorialAssets/T_soft_smoke.uasset" 296
"../../../Engine/Content/Tutorial/SubEditors/TutorialAssets/M_smoke_subUV_blackbody.uasset" 297
"../../../Engine/Content/Tutorial/SubEditors/TutorialAssets/TutorialParticleSystem.uasset" 298
"../../../Engine/Content/EditorMeshes/EditorCube.uasset" 299
"../../../Engine/Content/Tutorial/SubEditors/TutorialAssets/Tutorial_DM.uasset" 300
"../../../Engine/Content/VREditor/Devices/Generic/GenericHMDMaterial.uasset" 301
"../../../Engine/Content/VREditor/Devices/Generic/GenericHMD.uasset" 302
"../../../Engine/Content/VREditor/FloatingText/LineMaterial.uasset" 303
"../../../Engine/Content/VREditor/FloatingText/JointSphere.uasset" 304
"../../../Engine/Content/VREditor/FloatingText/LineSegmentCylinder.uasset" 305
"../../../Engine/Content/VREditor/Fonts/VRText_RobotoLarge.uasset" 306
"../../../Engine/Content/VREditor/Fonts/VRTextMaterial.uasset" 307
"../../../Engine/Content/VREditor/Fonts/TranslucentVRTextMaterial.uasset" 308
"../../../Engine/Content/VREditor/LaserPointer/VR_LaserPower_01.uasset" 309
"../../../Engine/Content/VREditor/TransformGizmo/TransformGizmoMaterial.uasset" 310
"../../../Engine/Content/VREditor/LaserPointer/HoverMaterial.uasset" 311
"../../../Engine/Content/VREditor/TransformGizmo/TranslucentTransformGizmoMaterial.uasset" 312
"../../../Engine/Content/VREditor/LaserPointer/TranslucentHoverMaterial.uasset" 313
"../../../Engine/Content/VREditor/LaserPointer/HoverMesh.uasset" 314
"../../../Engine/Content/VREditor/LaserPointer/LaserPointerMaterial.uasset" 315
"../../../Engine/Content/VREditor/LaserPointer/LaserPointerMaterialInst.uasset" 316
"../../../Engine/Content/VREditor/LaserPointer/TranslucentLaserPointerMaterialInst.uasset" 317
"../../../Engine/Content/VREditor/LaserPointer/LaserPointerMesh.uasset" 318
"../../../Engine/Content/VREditor/LaserPointer/LaserPointerMesh_End.uasset" 319
"../../../Engine/Content/VREditor/LaserPointer/LaserPointerMesh_Start.uasset" 320
"../../../Engine/Content/Functions/Engine_MaterialFunctions02/Utility/BreakOutFloat3Components.uasset" 321
"../../../Engine/Content/Functions/Engine_MaterialFunctions02/Math/Transform3x3Matrix.uasset" 322
"../../../Engine/Content/Functions/Engine_MaterialFunctions02/SplitComponents.uasset" 323
"../../../Engine/Content/VREditor/SnapGrid/SnapGridMaterial.uasset" 324
"../../../Engine/Content/VREditor/SnapGrid/SnapGridPlaneMesh.uasset" 325
"../../../Engine/Content/VREditor/Sounds/VR_teleport_Cue.uasset" 326
"../../../Engine/Content/VREditor/Sounds/UI/Click_on_Button_Cue.uasset" 327
"../../../Engine/Content/VREditor/Sounds/UI/Dockable_Window_Close.uasset" 328
"../../../Engine/Content/VREditor/Sounds/UI/Dockable_Window_Drop.uasset" 329
"../../../Engine/Content/VREditor/Sounds/UI/Dockable_Window_Open.uasset" 330
"../../../Engine/Content/VREditor/Sounds/UI/Dockable_Window_Pick_Up.uasset" 331
"../../../Engine/Content/VREditor/Sounds/UI/Drop_Item_From_ContentBrowser.uasset" 332
"../../../Engine/Content/VREditor/Sounds/UI/Floating_UI_Open-001.uasset" 333
"../../../Engine/Content/VREditor/Sounds/UI/Gizmo_Handle_Clicked.uasset" 334
"../../../Engine/Content/VREditor/Sounds/UI/Object_PickUp.uasset" 335
"../../../Engine/Content/VREditor/Sounds/UI/Object_Snaps_To_Another_Actor.uasset" 336
"../../../Engine/Content/VREditor/Sounds/UI/Object_Snaps_To_Grid.uasset" 337
"../../../Engine/Content/VREditor/Sounds/UI/Radial_Menu_FadeOut.uasset" 338
"../../../Engine/Content/VREditor/Sounds/UI/Scaling_Down.uasset" 339
"../../../Engine/Content/VREditor/Sounds/UI/Scaling_Up.uasset" 340
"../../../Engine/Content/VREditor/Sounds/UI/Selection_Changes.uasset" 341
"../../../Engine/Content/VREditor/Sounds/UI/Teleport_Mode_Entered.uasset" 342
"../../../Engine/Content/VREditor/Teleport/TeleportDirectionMaterial.uasset" 343
"../../../Engine/Content/VREditor/Teleport/TeleportDirectionMaterial_Inst.uasset" 344
"../../../Engine/Content/VREditor/Teleport/TeleportDirectionMesh.uasset" 345
"../../../Engine/Content/VREditor/TransformGizmo/BoundingBoxCorner.uasset" 346
"../../../Engine/Content/VREditor/TransformGizmo/BoundingBoxEdge.uasset" 347
"../../../Engine/Content/VREditor/TransformGizmo/PlaneTranslationHandle.uasset" 348
"../../../Engine/Content/VREditor/TransformGizmo/RotationHandle.uasset" 349
"../../../Engine/Content/VREditor/TransformGizmo/RotationHandleFull.uasset" 350
"../../../Engine/Content/VREditor/TransformGizmo/RotationHandleIndicator.uasset" 351
"../../../Engine/Content/VREditor/TransformGizmo/RotationHandleQuarter.uasset" 352
"../../../Engine/Content/VREditor/TransformGizmo/Main.uasset" 353
"../../../Engine/Content/VREditor/TransformGizmo/Xray.uasset" 354
"../../../Engine/Content/VREditor/TransformGizmo/SM_Dialog_Close.uasset" 355
"../../../Engine/Content/VREditor/TransformGizmo/SM_Dialog_Move.uasset" 356
"../../../Engine/Content/VREditor/TransformGizmo/SM_Sequencer_Key.uasset" 357
"../../../Engine/Content/VREditor/TransformGizmo/StartRotationHandleIndicator.uasset" 358
"../../../Engine/Content/VREditor/TransformGizmo/TransformGizmoMaterial_Inst.uasset" 359
"../../../Engine/Content/VREditor/TransformGizmo/TranslateArrowHandle.uasset" 360
"../../../Engine/Content/VREditor/TransformGizmo/TranslationHandle.uasset" 361
"../../../Engine/Content/VREditor/TransformGizmo/TranslucentTransformGizmoMaterial_Inst.uasset" 362
"../../../Engine/Content/VREditor/TransformGizmo/UniformScaleHandle.uasset" 363
"../../../Engine/Content/VREditor/UI/KeyDiskMaterial.uasset" 364
"../../../Engine/Content/VREditor/UI/DiscMaterial.uasset" 365
"../../../Engine/Content/VREditor/UI/SM_Radial_Disk.uasset" 366
"../../../Engine/Content/Functions/Engine_MaterialFunctions01/Gradient/RadialGradient.uasset" 367
"../../../Engine/Content/VREditor/WorldMovementGrid/SimpleGrid.uasset" 368
"../../../Engine/Content/VREditor/WorldMovementGrid/GridMaterial.uasset" 369
"../../../Engine/Content/Functions/Engine_MaterialFunctions01/Density/ExponentialDensity.uasset" 370
"../../../Engine/Content/VREditor/WorldMovementGrid/GridPostProcess.uasset" 371
"../../../Engine/Content/EditorLandscapeResources/FlattenHeightMat.uasset" 372
"../../../Engine/Content/VREditor/WorldMovementGrid/PlaneMesh.uasset" 373
"../../../Engine/Content/ArtTools/RenderToTexture/Enums/RenderToTexture_Enum.uasset" 374
"../../../Engine/Content/ArtTools/RenderToTexture/Enums/RenderToTexture_Flipbook_Enum.uasset" 375
"../../../Engine/Content/ArtTools/RenderToTexture/Enums/RenderToTexture_Imposter_Enum.uasset" 376
"../../../Engine/Content/EditorBlueprintResources/StandardMacros.uasset" 377
"../../../Engine/Content/ArtTools/RenderToTexture/Enums/EIntTypes.uasset" 378
"../../../Engine/Content/ArtTools/RenderToTexture/Macros/RenderToTextureFunctionLibrary.uasset" 379
"../../../Engine/Content/ArtTools/RenderToTexture/Enums/EFloatTypes.uasset" 380
"../../../Engine/Content/ArtTools/RenderToTexture/Macros/RenderToTextureMacros.uasset" 381
"../../../MDGen/Content/Effect/Lightning/LightningSimple/ThunderSimple.uasset" 382
"../../../MDGen/Content/GeneralContent/Character/BluePrint/HealthActions.uasset" 383
"../../../MDGen/Content/Maps/Labyrinth/ThirdPersonExampleMap_BuiltData.uasset" 384
"../../../Engine/Content/BasicShapes/BasicShapeMaterial.uasset" 385
"../../../Engine/Content/BasicShapes/Cube.uasset" 386
"../../../MDGen/Content/Maps/Labyrinth/MDObject/ttt.uasset" 387
"../../../MDGen/Content/Geometry/Meshes/CubeMaterial.uasset" 388
"../../../MDGen/Content/StarterContent/Textures/T_Concrete_Tiles_D.uasset" 389
"../../../MDGen/Content/StarterContent/Textures/T_Concrete_Tiles_M.uasset" 390
"../../../MDGen/Content/StarterContent/Textures/T_Concrete_Tiles_N.uasset" 391
"../../../MDGen/Content/StarterContent/Textures/T_Concrete_Tiles_Variation_M.uasset" 392
"../../../MDGen/Content/StarterContent/Textures/T_MacroVariation.uasset" 393
"../../../MDGen/Content/StarterContent/Materials/M_Concrete_Tiles.uasset" 394
"../../../MDGen/Content/Maps/Labyrinth/MDTextures/chlem.uasset" 395
"../../../MDGen/Content/StarterContent/Textures/T_Metal_Gold_N.uasset" 396
"../../../MDGen/Content/StarterContent/Textures/T_Perlin_Noise_M.uasset" 397
"../../../MDGen/Content/StarterContent/Textures/T_Rock_Marble_Polished_D.uasset" 398
"../../../MDGen/Content/StarterContent/Materials/M_Rock_Marble_Polished.uasset" 399
"../../../MDGen/Content/Geometry/Meshes/1M_Cube.uasset" 400
"../../../MDGen/Content/Maps/Labyrinth/MDObject/Corner.uasset" 401
"../../../MDGen/Content/Maps/Labyrinth/MDObject/DoorNew.uasset" 402
"../../../MDGen/Content/Maps/Labyrinth/MDObject/FlooR2.uasset" 403
"../../../MDGen/Content/Maps/Labyrinth/MDObject/SimpleWall.uasset" 404
"../../../MDGen/Content/Maps/Labyrinth/MDGenBluePrint/BP_BigBoss.uasset" 405
"../../../MDGen/Content/Maps/Labyrinth/MDGenBluePrint/BibiSpawn.uasset" 406
"../../../MDGen/Content/Maps/Labyrinth/MDObject/BP_TargetPoints.uasset" 407
"../../../MDGen/Content/StarterContent/Textures/T_Metal_Gold_D.uasset" 408
"../../../MDGen/Content/StarterContent/Materials/M_Metal_Gold.uasset" 409
"../../../MDGen/Content/StarterContent/Textures/T_Wood_Oak_D.uasset" 410
"../../../MDGen/Content/StarterContent/Textures/T_Wood_Oak_N.uasset" 411
"../../../MDGen/Content/StarterContent/Materials/M_Wood_Oak.uasset" 412
"../../../MDGen/Content/Maps/Labyrinth/MDObject/LeftDoor.uasset" 413
"../../../MDGen/Content/Maps/Labyrinth/MDObject/RightDoor.uasset" 414
"../../../MDGen/Content/StarterContent/Textures/T_ground_Moss_D.uasset" 415
"../../../MDGen/Content/StarterContent/Textures/T_Ground_Moss_N.uasset" 416
"../../../MDGen/Content/StarterContent/Materials/M_Ground_Moss.uasset" 417
"../../../MDGen/Content/Maps/Labyrinth/Vines/Vines.uasset" 418
"../../../Engine/Content/Functions/Engine_MaterialFunctions02/Utility/BlendAngleCorrectedNormals.uasset" 419
"../../../MDGen/Content/RainDrops_VertexPaint/MaterialFunctions/Raindrops_MF.uasset" 420
"../../../MDGen/Content/RainDrops_VertexPaint/Textures/asphalt.uasset" 421
"../../../MDGen/Content/RainDrops_VertexPaint/Textures/asphalt_h.uasset" 422
"../../../MDGen/Content/RainDrops_VertexPaint/Textures/asphalt_n.uasset" 423
"../../../MDGen/Content/RainDrops_VertexPaint/Textures/Raindrops_normal_tut_64.uasset" 424
"../../../MDGen/Content/RainDrops_VertexPaint/Textures/water_nrm.uasset" 425
"../../../MDGen/Content/RainDrops_VertexPaint/Materials/Raindrops_VertexPaint_M.uasset" 426
"../../../MDGen/Content/RainDrops_VertexPaint/Meshes/plane.uasset" 427
"../../../Engine/Plugins/2D/Paper2D/Content/DummySprite.uasset" 428
"../../../Engine/Plugins/2D/Paper2D/Content/DefaultPaperTerrainMaterial.uasset" 429
"../../../Engine/Plugins/2D/Paper2D/Content/DefaultSpriteMaterial.uasset" 430
"../../../Engine/Plugins/2D/Paper2D/Content/MaskedUnlitSpriteMaterial.uasset" 431
"../../../Engine/Plugins/2D/Paper2D/Content/OpaqueUnlitSpriteMaterial.uasset" 432
"../../../Engine/Plugins/2D/Paper2D/Content/PlaceholderTextures/DummySpriteTexture.uasset" 433
"../../../Engine/Plugins/Runtime/GearVR/Content/Textures/GearVRController_AO.uasset" 434
"../../../Engine/Plugins/Runtime/GearVR/Content/Textures/GearVRController_Color.uasset" 435
"../../../Engine/Plugins/Runtime/GearVR/Content/Textures/GearVRController_Normal.uasset" 436
"../../../Engine/Plugins/Runtime/GearVR/Content/Materials/GearVRControllerMaterial.uasset" 437
"../../../Engine/Plugins/Runtime/GearVR/Content/Meshes/GearVrController.uasset" 438
"../../../Engine/Content/Maps/Entry.umap" 439
"../../../MDGen/Content/GeneralContent/Character/Mesh/S_FemaleCharacter.uasset" 440
"../../../MDGen/Content/GeneralContent/Character/Animation/FemaleCharacter_Death.uasset" 441
"../../../MDGen/Content/GeneralContent/Character/Animation/FemaleCharacter_HeavyAttack.uasset" 442
"../../../MDGen/Content/GeneralContent/Character/Animation/FemaleCharacter_LightAttack_01.uasset" 443
"../../../MDGen/Content/GeneralContent/Character/Animation/FemaleCharacter_LightAttack_02.uasset" 444
"../../../MDGen/Content/GeneralContent/Character/Animation/FemaleCharacter_LightAttack_03.uasset" 445
"../../../MDGen/Content/GeneralContent/Character/Animation/FemaleCharacter_Idle.uasset" 446
"../../../MDGen/Content/GeneralContent/Character/Animation/FemaleCharacter_Run_02.uasset" 447
"../../../MDGen/Content/GeneralContent/Character/Animation/FemaleCharacter_Walking_.uasset" 448
"../../../MDGen/Content/GeneralContent/Character/BluePrint/FemaleCharacter_2D.uasset" 449
"../../../MDGen/Content/GeneralContent/Character/BluePrint/BP_FemaleAnimation.uasset" 450
"../../../MDGen/Content/GeneralContent/Sword/SwordColor.uasset" 451
"../../../MDGen/Content/GeneralContent/Sword/SwordNormal.uasset" 452
"../../../MDGen/Content/GeneralContent/Sword/SwordSimpleMaterial.uasset" 453
"../../../MDGen/Content/GeneralContent/Sword/SwordSimple.uasset" 454
"../../../MDGen/Content/GeneralContent/Sword/B_SwordSimple_.uasset" 455
"../../../MDGen/Content/Interface/UserStatistics/UserStatistics_W.uasset" 456
"../../../MDGen/Content/GeneralContent/Character/Material/Kachujin_diffuse.uasset" 457
"../../../MDGen/Content/GeneralContent/Character/Material/Kachujin_normal.uasset" 458
"../../../MDGen/Content/GeneralContent/Character/Material/Kachujin_specular.uasset" 459
"../../../MDGen/Content/GeneralContent/Character/Material/M_FemaleCharacterNormal.uasset" 460
"../../../MDGen/Content/GeneralContent/Character/BluePrint/StaminaActions.uasset" 461
"../../../MDGen/Content/GeneralContent/Character/Mesh/P_FemaleCharacter.uasset" 462
"../../../MDGen/Content/GeneralContent/Character/Mesh/M_FemaleCharacter.uasset" 463
"../../../MDGen/Content/GeneralContent/Character/BluePrint/B_FemaleCharacter.uasset" 464
"../../../MDGen/Content/GeneralContent/Character/BluePrint/FemaleCharacterController.uasset" 465
"../../../MDGen/Content/GeneralContent/Character/BluePrint/FemaleCharacterThirdPersonGameMode.uasset" 466
"../../../Engine/Content/Functions/Engine_MaterialFunctions01/Gradient/LinearGradient.uasset" 467
"../../../Engine/Content/Functions/Engine_MaterialFunctions01/ImageAdjustment/CheapContrast.uasset" 468
"../../../Engine/Content/Functions/Engine_MaterialFunctions01/Shading/FuzzyShadingGrass.uasset" 469
"../../../Engine/Content/Functions/Engine_MaterialFunctions01/Texturing/FlattenNormal.uasset" 470
"../../../Engine/Content/Functions/Engine_MaterialFunctions01/Texturing/ScaleUVsAroundPoint.uasset" 471
"../../../Engine/Content/Functions/Engine_MaterialFunctions03/Blends/Blend_Darken.uasset" 472
"../../../MDGen/Content/OtherFoliageAndTerrain/Materials/WorldCoords-XY.uasset" 473
"../../../MDGen/Content/GrassBlueprint/MatParaCollections/NewestIterations/AW_MPC1N.uasset" 474
"../../../MDGen/Content/GrassBlueprint/MatParaCollections/NewestIterations/AWSpecial_MPC1N.uasset" 475
"../../../MDGen/Content/GrassBlueprint/Textures/CloudAlphaFinished.uasset" 476
"../../../MDGen/Content/GrassBlueprint/Textures/normalmap.uasset" 477
"../../../MDGen/Content/OtherFoliageAndTerrain/Textures/T_MacroVariation.uasset" 478
"../../../MDGen/Content/GrassBlueprint/Functions/Advanced_Wind/NewestIterations/Advanced-Grass-Blueprint-Preset-1.uasset" 479
"../../../MDGen/Content/GrassBlueprint/Functions/Functions_to_Make_Life_Easier/TexturePositionAndScale.uasset" 480
"../../../MDGen/Content/GrassBlueprint/Textures/Newgrasstexturefromblender6.uasset" 481
"../../../MDGen/Content/GrassBlueprint/Textures/NewgrasstexturefromblenderNORMALMAP5.uasset" 482
"../../../MDGen/Content/GrassBlueprint/Materials/GrassMats/GrassShader1.uasset" 483
"../../../MDGen/Content/GrassBlueprint/Materials/GrassMats/Instances/GrassShader1_Inst.uasset" 484
"../../../MDGen/Content/GrassBlueprint/Textures/tex_grass_diff_DISP.uasset" 485
"../../../MDGen/Content/OtherFoliageAndTerrain/T_FieldGrass_02_M.uasset" 486
"../../../MDGen/Content/GrassBlueprint/Materials/GrassShader1.uasset" 487
"../../../MDGen/Content/GrassBlueprint/Materials/Instances2/GrassShader1_Inst.uasset" 488
"../../../MDGen/Content/GrassBlueprint/Meshes/SuperGrass1.uasset" 489
"../../../MDGen/Content/GrassBlueprint/MatParaCollections/NewestIterations/AW_MPC2N.uasset" 490
"../../../MDGen/Content/GrassBlueprint/MatParaCollections/NewestIterations/AWSpecial_MPC2N.uasset" 491
"../../../MDGen/Content/GrassBlueprint/Functions/Advanced_Wind/NewestIterations/Advanced-Grass-Blueprint-Preset-2.uasset" 492
"../../../MDGen/Content/GrassBlueprint/Functions/GrassTypes/NoiseMapsForGrassTypes.uasset" 493
"../../../MDGen/Content/GrassBlueprint/Materials/GrassMats/GrassShader2.uasset" 494
"../../../MDGen/Content/GrassBlueprint/Materials/Instances2/GrassShader2_Inst.uasset" 495
"../../../MDGen/Content/GrassBlueprint/Meshes/SuperGrass2.uasset" 496
"../../../MDGen/Content/GrassBlueprint/MatParaCollections/NewestIterations/AW_MPC3N.uasset" 497
"../../../MDGen/Content/GrassBlueprint/MatParaCollections/NewestIterations/AWSpecial_MPC3N.uasset" 498
"../../../MDGen/Content/GrassBlueprint/Functions/Advanced_Wind/NewestIterations/Advanced-Grass-Blueprint-Preset-3.uasset" 499
"../../../MDGen/Content/GrassBlueprint/Materials/GrassMats/GrassShader3.uasset" 500
"../../../MDGen/Content/GrassBlueprint/Materials/GrassMats/Instances/GrassShader3_Inst.uasset" 501
"../../../MDGen/Content/GrassBlueprint/Meshes/SuperGrass3.uasset" 502
"../../../MDGen/Content/GrassBlueprint/MatParaCollections/NewestIterations/AW_MPC4N.uasset" 503
"../../../MDGen/Content/GrassBlueprint/MatParaCollections/NewestIterations/AWSpecial_MPC4N.uasset" 504
"../../../MDGen/Content/GrassBlueprint/Functions/Advanced_Wind/NewestIterations/Advanced-Grass-Blueprint-Preset-4.uasset" 505
"../../../MDGen/Content/GrassBlueprint/Materials/GrassMats/GrassShader4.uasset" 506
"../../../MDGen/Content/GrassBlueprint/Materials/GrassMats/Instances/GrassShader4_Inst.uasset" 507
"../../../MDGen/Content/GrassBlueprint/Meshes/SuperGrass4.uasset" 508
"../../../MDGen/Content/GrassBlueprint/MatParaCollections/NewestIterations/AW_MPC5N.uasset" 509
"../../../MDGen/Content/GrassBlueprint/MatParaCollections/NewestIterations/AWSpecial_MPC5N.uasset" 510
"../../../MDGen/Content/GrassBlueprint/Functions/Advanced_Wind/NewestIterations/Advanced-Grass-Blueprint-Preset-5.uasset" 511
"../../../MDGen/Content/GrassBlueprint/Materials/GrassMats/GrassShader5.uasset" 512
"../../../MDGen/Content/GrassBlueprint/Materials/GrassMats/Instances/GrassShader5_Inst.uasset" 513
"../../../MDGen/Content/GrassBlueprint/Meshes/SuperGrass5.uasset" 514
"../../../MDGen/Content/Interface/MainMenu/Music/Epic.uasset" 515
"../../../MDGen/Content/Interface/Buttons/ButtonClick.uasset" 516
"../../../MDGen/Content/Interface/Buttons/ButtonHover.uasset" 517
"../../../MDGen/Content/Interface/Buttons/ButtonNormal.uasset" 518
"../../../MDGen/Content/Interface/Buttons/PanelExit.uasset" 519
"../../../MDGen/Content/Interface/Buttons/Sound/Click.uasset" 520
"../../../MDGen/Content/Interface/Buttons/Text/ButtonAuthor.uasset" 521
"../../../MDGen/Content/Interface/Buttons/Text/ButtonExit.uasset" 522
"../../../MDGen/Content/Interface/Buttons/Text/ButtonExitConfirmation.uasset" 523
"../../../MDGen/Content/Interface/Buttons/Text/ButtonNew.uasset" 524
"../../../MDGen/Content/Interface/Buttons/Text/ButtonNo.uasset" 525
"../../../MDGen/Content/Interface/Buttons/Text/ButtonSetting.uasset" 526
"../../../MDGen/Content/Interface/Buttons/Text/ButtonYes.uasset" 527
"../../../MDGen/Content/Interface/MainMenu/Image/maze-labyrinth.uasset" 528
"../../../MDGen/Content/Interface/SettingsMenu/Widget/SaveOptions.uasset" 529
"../../../MDGen/Content/Interface/Buttons/ComboButton.uasset" 530
"../../../MDGen/Content/Interface/Buttons/Option/ButtonOptionControls.uasset" 531
"../../../MDGen/Content/Interface/Buttons/Option/ButtonOptionDisplay.uasset" 532
"../../../MDGen/Content/Interface/Buttons/Option/ButtonOptionGraphic.uasset" 533
"../../../MDGen/Content/Interface/Buttons/Option/ButtonOptionSound.uasset" 534
"../../../MDGen/Content/Interface/Buttons/Text/ButtonApply.uasset" 535
"../../../MDGen/Content/Interface/Buttons/Text/ButtonBack.uasset" 536
"../../../MDGen/Content/Interface/Buttons/Text/ButtonControls.uasset" 537
"../../../MDGen/Content/Interface/Buttons/Text/ButtonDisplay.uasset" 538
"../../../MDGen/Content/Interface/Buttons/Text/ButtonGame.uasset" 539
"../../../MDGen/Content/Interface/Buttons/Text/ButtonGraphics.uasset" 540
"../../../MDGen/Content/Interface/Buttons/Text/ButtonSound.uasset" 541
"../../../MDGen/Content/Interface/Buttons/Text/Display/ButtonDisplayMode.uasset" 542
"../../../MDGen/Content/Interface/Buttons/Text/Display/ButtonFPS.uasset" 543
"../../../MDGen/Content/Interface/Buttons/Text/Display/ButtonResolution.uasset" 544
"../../../MDGen/Content/Interface/Buttons/Text/Video/ButtonAliasing.uasset" 545
"../../../MDGen/Content/Interface/Buttons/Text/Video/ButtonEffect.uasset" 546
"../../../MDGen/Content/Interface/Buttons/Text/Video/ButtonFoliage.uasset" 547
"../../../MDGen/Content/Interface/Buttons/Text/Video/ButtonPostProcessing.uasset" 548
"../../../MDGen/Content/Interface/Buttons/Text/Video/ButtonScale.uasset" 549
"../../../MDGen/Content/Interface/Buttons/Text/Video/ButtonShadow.uasset" 550
"../../../MDGen/Content/Interface/Buttons/Text/Video/ButtonTexture.uasset" 551
"../../../MDGen/Content/Interface/Buttons/Text/Video/ButtonView.uasset" 552
"../../../MDGen/Content/Interface/Buttons/Text/InGame/ButtonMainMenu.uasset" 553
"../../../MDGen/Content/Interface/Buttons/Text/InGame/ButtonResumeGame.uasset" 554
"../../../MDGen/Content/Interface/InGameMenu/Widget/InGame.uasset" 555
"../../../MDGen/Content/Interface/MainMenu/Image/OptionBackground.uasset" 556
"../../../MDGen/Content/Interface/SettingsMenu/Image/SettingsBackground.uasset" 557
"../../../MDGen/Content/Interface/SettingsMenu/Widget/Settings.uasset" 558
"../../../MDGen/Content/Interface/MainMenu/Widget/MainMenu.uasset" 559
"../../../MDGen/Content/OtherFoliageAndTerrain/SuperFoliageSpeedWorkflow/Textures/Cap_01.uasset" 560
"../../../MDGen/Content/OtherFoliageAndTerrain/SuperFoliageSpeedWorkflow/Textures/Cap_01_Normal.uasset" 561
"../../../MDGen/Content/OtherFoliageAndTerrain/SuperFoliageSpeedWorkflow/Materials/Cap.uasset" 562
"../../../Engine/Content/Functions/Engine_MaterialFunctions02/Utility/VectorToRadialValue.uasset" 563
"../../../Engine/Content/ArtTools/RenderToTexture/MaterialFunctions/FoliageZRotation.uasset" 564
"../../../Engine/Content/Functions/Engine_MaterialFunctions02/Math/CreateThirdOrthogonalVector.uasset" 565
"../../../Engine/Content/Functions/Engine_MaterialFunctions02/Math/Pi.uasset" 566
"../../../Engine/Content/ArtTools/RenderToTexture/MaterialFunctions/ImposterUVs.uasset" 567
"../../../Engine/Content/Functions/Engine_MaterialFunctions02/TangentBasis.uasset" 568
"../../../MDGen/Content/OtherFoliageAndTerrain/Textures/PineBush/Depth1.uasset" 569
"../../../MDGen/Content/OtherFoliageAndTerrain/Textures/PineBush/HighresScreenshot00015_BaseColor.uasset" 570
"../../../MDGen/Content/OtherFoliageAndTerrain/Textures/PineBush/HighresScreenshot00015_DecalMask.uasset" 571
"../../../MDGen/Content/OtherFoliageAndTerrain/Textures/PineBush/HighresScreenshot00015_SubsurfaceColor.uasset" 572
"../../../MDGen/Content/OtherFoliageAndTerrain/Textures/PineBush/Normal1.uasset" 573
"../../../MDGen/Content/OtherFoliageAndTerrain/Materials/PineBush/ImposterBushMat.uasset" 574
"../../../MDGen/Content/OtherFoliageAndTerrain/Instances/PineBush/ImposterBushMat_Inst.uasset" 575
"../../../Engine/Content/Functions/Engine_MaterialFunctions02/WorldPositionOffset/Wind.uasset" 576
"../../../MDGen/Content/GrassBlueprint/Functions/MinimalAndSeparatedFunctions/AlphaByDistance.uasset" 577
"../../../MDGen/Content/GrassBlueprint/Functions/MinimalAndSeparatedFunctions/MinimalAdvancedWindforTrees.uasset" 578
"../../../MDGen/Content/GrassBlueprint/Functions/MinimalAndSeparatedFunctions/SimplifiedSSGradient.uasset" 579
"../../../MDGen/Content/GrassBlueprint/Textures/SampleLeaves_1_Spec.uasset" 580
"../../../MDGen/Content/OtherFoliageAndTerrain/Textures/PineTree/Leaf_Low.uasset" 581
"../../../MDGen/Content/OtherFoliageAndTerrain/Textures/PineTree/Leaf_Low_Normal.uasset" 582
"../../../MDGen/Content/OtherFoliageAndTerrain/Instances/PineTree/Pine_Needles_Mat.uasset" 583
"../../../MDGen/Content/OtherFoliageAndTerrain/Instances/PineBush/Pine_Needles_Mat_Inst.uasset" 584
"../../../MDGen/Content/OtherFoliageAndTerrain/Instances/PineTree/Pine_Needles_Mat_Inst.uasset" 585
"../../../MDGen/Content/OtherFoliageAndTerrain/SuperFoliageSpeedWorkflow/Textures/BroadleafBark.uasset" 586
"../../../MDGen/Content/OtherFoliageAndTerrain/SuperFoliageSpeedWorkflow/Textures/BroadleafBark_Normal.uasset" 587
"../../../MDGen/Content/OtherFoliageAndTerrain/SuperFoliageSpeedWorkflow/Materials/BroadleafBark_2.uasset" 588
"../../../MDGen/Content/OtherFoliageAndTerrain/SuperFoliageSpeedWorkflow/Instances/BroadleafBark_2_Inst.uasset" 589
"../../../MDGen/Content/OtherFoliageAndTerrain/SuperFoliageSpeedWorkflow/Textures/Leaf_Low.uasset" 590
"../../../MDGen/Content/OtherFoliageAndTerrain/SuperFoliageSpeedWorkflow/Textures/Leaf_Low_Normal.uasset" 591
"../../../MDGen/Content/OtherFoliageAndTerrain/SuperFoliageSpeedWorkflow/Materials/Pine_Needles_Mat.uasset" 592
"../../../MDGen/Content/OtherFoliageAndTerrain/SuperFoliageSpeedWorkflow/Instances/Pine_Full_Grown_Tree_needles_Inst.uasset" 593
"../../../MDGen/Content/OtherFoliageAndTerrain/SuperFoliageSpeedWorkflow/Instances/Pine_Needles_Mat_Inst.uasset" 594
"../../../MDGen/Content/OtherFoliageAndTerrain/Textures/PineTree/HighresScreenshot00016.uasset" 595
"../../../MDGen/Content/OtherFoliageAndTerrain/Textures/PineTree/HighresScreenshot00017.uasset" 596
"../../../MDGen/Content/OtherFoliageAndTerrain/Textures/PineTree/HighresScreenshot00021_BaseColor.uasset" 597
"../../../MDGen/Content/OtherFoliageAndTerrain/Textures/PineTree/HighresScreenshot00021_DecalMask.uasset" 598
"../../../MDGen/Content/OtherFoliageAndTerrain/Textures/PineTree/HighresScreenshot00021_SubsurfaceColor.uasset" 599
"../../../MDGen/Content/OtherFoliageAndTerrain/Textures/PineTree/HighresScreenshot00021_WorldNormal.uasset" 600
"../../../MDGen/Content/OtherFoliageAndTerrain/Materials/PineTree/ImposterTreeMat.uasset" 601
"../../../MDGen/Content/OtherFoliageAndTerrain/Instances/ImposterTreeMat_Inst.uasset" 602
"../../../MDGen/Content/OtherFoliageAndTerrain/Materials/PineTree/ProxyPineSimpleMat.uasset" 603
"../../../MDGen/Content/OtherFoliageAndTerrain/Meshes/ShadowProxyPine.uasset" 604
"../../../MDGen/Content/OtherFoliageAndTerrain/Meshes/HyperLowPolyPlane.uasset" 605
"../../../MDGen/Content/OtherFoliageAndTerrain/Meshes/Pine_Bush-1.uasset" 606
"../../../MDGen/Content/OtherFoliageAndTerrain/SuperFoliageSpeedWorkflow/Textures/BlueSpruceBark3.uasset" 607
"../../../MDGen/Content/OtherFoliageAndTerrain/SuperFoliageSpeedWorkflow/Textures/BlueSpruceBark_Normal.uasset" 608
"../../../MDGen/Content/OtherFoliageAndTerrain/SuperFoliageSpeedWorkflow/Materials/PineBark_Mat.uasset" 609
"../../../MDGen/Content/OtherFoliageAndTerrain/SuperFoliageSpeedWorkflow/Instances/Pine_Full_Grown_Bark_Inst.uasset" 610
"../../../MDGen/Content/OtherFoliageAndTerrain/SuperFoliageSpeedWorkflow/Meshes/Pine-5.uasset" 611
"../../../MDGen/Content/Interface/MainMenu/Level/MainMenu.umap" 612
